<?xml version="1.0" encoding="UTF-8"?><testsuite name="nosetests" tests="302" errors="0" failures="0" skip="0"><testcase classname="test_driver" name="test_tokens('test-tokens-061.txt',)" time="0.000"></testcase><testcase classname="test_driver" name="test_tokens('test-tokens-062.txt',)" time="0.000"></testcase><testcase classname="test_driver" name="test_tokens('test-tokens-backquotes-001.txt',)" time="0.000"></testcase><testcase classname="test_driver" name="test_tokens('test-tokens-backquotes-002.txt',)" time="0.000"></testcase><testcase classname="test_driver" name="test_tokens('test-tokens-backquotes-003.txt',)" time="0.000"></testcase><testcase classname="test_driver" name="test_tokens('test-tokens-backquotes-004.txt',)" time="0.000"></testcase><testcase classname="test_driver" name="test_tokens('test-tokens-backquotes-005.txt',)" time="0.000"></testcase><testcase classname="test_driver" name="test_tokens('test-tokens-backquotes-006.txt',)" time="0.000"></testcase><testcase classname="test_driver" name="test_tokens('test-tokens-backquotes-007.txt',)" time="0.000"></testcase><testcase classname="test_driver" name="test_tokens('test-tokens-backquotes-008.txt',)" time="0.000"></testcase><testcase classname="test_driver" name="test_tokens('test-tokens-backquotes-009.txt',)" time="0.000"></testcase><testcase classname="test_driver" name="test_tokens('test-tokens-backquotes-010.txt',)" time="0.000"></testcase><testcase classname="test_driver" name="test_tokens('test-tokens-backquotes-011.txt',)" time="0.000"></testcase><testcase classname="test_driver" name="test_tokens('test-tokens-backquotes-012.txt',)" time="0.000"></testcase><testcase classname="test_driver" name="test_tokens('test-tokens-chars-001.txt',)" time="0.000"></testcase><testcase classname="test_driver" name="test_tokens('test-tokens-chars-002.txt',)" time="0.000"></testcase><testcase classname="test_driver" name="test_tokens('test-tokens-chars-003.txt',)" time="0.000"></testcase><testcase classname="test_driver" name="test_tokens('test-tokens-chars-004.txt',)" time="0.000"></testcase><testcase classname="test_driver" name="test_tokens('test-tokens-comments-cstyle-001.txt',)" time="0.000"></testcase><testcase classname="test_driver" name="test_tokens('test-tokens-comments-cstyle-002.txt',)" time="0.000"></testcase><testcase classname="test_driver" name="test_tokens('test-tokens-comments-cstyle-003.txt',)" time="0.000"></testcase><testcase classname="test_driver" name="test_tokens('test-tokens-comments-cstyle-004.txt',)" time="0.000"></testcase><testcase classname="test_driver" name="test_tokens('test-tokens-comments-cstyle-005.txt',)" time="0.000"></testcase><testcase classname="test_driver" name="test_tokens('test-tokens-comments-cstylenested-001.txt',)" time="0.000"></testcase><testcase classname="test_driver" name="test_tokens('test-tokens-comments-cstylenested-002.txt',)" time="0.000"></testcase><testcase classname="test_driver" name="test_tokens('test-tokens-comments-ddash-001.txt',)" time="0.000"></testcase><testcase classname="test_driver" name="test_tokens('test-tokens-comments-ddash-002.txt',)" time="0.000"></testcase><testcase classname="test_driver" name="test_tokens('test-tokens-comments-ddash-003.txt',)" time="0.000"></testcase><testcase classname="test_driver" name="test_tokens('test-tokens-comments-ddash-004.txt',)" time="0.000"></testcase><testcase classname="test_driver" name="test_tokens('test-tokens-comments-ddash-005.txt',)" time="0.000"></testcase><testcase classname="test_driver" name="test_tokens('test-tokens-comments-mysql-001.txt',)" time="0.000"></testcase><testcase classname="test_driver" name="test_tokens('test-tokens-comments-mysql-002.txt',)" time="0.000"></testcase><testcase classname="test_driver" name="test_tokens('test-tokens-comments-mysql-006.txt',)" time="0.000"></testcase><testcase classname="test_driver" name="test_tokens('test-tokens-comments-mysql-007.txt',)" time="0.000"></testcase><testcase classname="test_driver" name="test_tokens('test-tokens-comments-mysql-009.txt',)" time="0.000"></testcase><testcase classname="test_driver" name="test_tokens('test-tokens-comments-mysql-010.txt',)" time="0.000"></testcase><testcase classname="test_driver" name="test_tokens('test-tokens-comments-mysql-011.txt',)" time="0.000"></testcase><testcase classname="test_driver" name="test_tokens('test-tokens-i18n-001.txt',)" time="0.000"></testcase><testcase classname="test_driver" name="test_tokens('test-tokens-i18n-002.txt',)" time="0.000"></testcase><testcase classname="test_driver" name="test_tokens('test-tokens-i18n-003.txt',)" time="0.000"></testcase><testcase classname="test_driver" name="test_tokens('test-tokens-intents-001.txt',)" time="0.000"></testcase><testcase classname="test_driver" name="test_tokens('test-tokens-intents-002.txt',)" time="0.000"></testcase><testcase classname="test_driver" name="test_tokens('test-tokens-intents-003.txt',)" time="0.000"></testcase><testcase classname="test_driver" name="test_tokens('test-tokens-intents-004.txt',)" time="0.000"></testcase><testcase classname="test_driver" name="test_tokens('test-tokens-intents-005.txt',)" time="0.000"></testcase><testcase classname="test_driver" name="test_tokens('test-tokens-intents-006.txt',)" time="0.000"></testcase><testcase classname="test_driver" name="test_tokens('test-tokens-intents-007.txt',)" time="0.000"></testcase><testcase classname="test_driver" name="test_tokens('test-tokens-numbers-exp-001.txt',)" time="0.000"></testcase><testcase classname="test_driver" name="test_tokens('test-tokens-numbers-exp-002.txt',)" time="0.000"></testcase><testcase classname="test_driver" name="test_tokens('test-tokens-numbers-exp-003.txt',)" time="0.000"></testcase><testcase classname="test_driver" name="test_tokens('test-tokens-numbers-exp-004.txt',)" time="0.000"></testcase><testcase classname="test_driver" name="test_tokens('test-tokens-numbers-exp-005.txt',)" time="0.000"></testcase><testcase classname="test_driver" name="test_tokens('test-tokens-numbers-exp-006.txt',)" time="0.000"></testcase><testcase classname="test_driver" name="test_tokens('test-tokens-numbers-exp-007.txt',)" time="0.000"></testcase><testcase classname="test_driver" name="test_tokens('test-tokens-numbers-exp-008.txt',)" time="0.000"></testcase><testcase classname="test_driver" name="test_tokens('test-tokens-numbers-exp-009.txt',)" time="0.000"></testcase><testcase classname="test_driver" name="test_tokens('test-tokens-numbers-exp-010.txt',)" time="0.000"></testcase><testcase classname="test_driver" name="test_tokens('test-tokens-numbers-floats-001.txt',)" time="0.000"></testcase><testcase classname="test_driver" name="test_tokens('test-tokens-numbers-floats-002.txt',)" time="0.000"></testcase><testcase classname="test_driver" name="test_tokens('test-tokens-numbers-floats-003.txt',)" time="0.000"></testcase><testcase classname="test_driver" name="test_tokens('test-tokens-numbers-floats-004.txt',)" time="0.000"></testcase><testcase classname="test_driver" name="test_tokens('test-tokens-numbers-floats-005.txt',)" time="0.001"></testcase><testcase classname="test_driver" name="test_tokens('test-tokens-numbers-floats-006.txt',)" time="0.000"></testcase><testcase classname="test_driver" name="test_tokens('test-tokens-numbers-hex-001.txt',)" time="0.000"></testcase><testcase classname="test_driver" name="test_tokens('test-tokens-numbers-hex-002.txt',)" time="0.000"></testcase><testcase classname="test_driver" name="test_tokens('test-tokens-numbers-hex-003.txt',)" time="0.000"></testcase><testcase classname="test_driver" name="test_tokens('test-tokens-numbers-ints-001.txt',)" time="0.000"></testcase><testcase classname="test_driver" name="test_tokens('test-tokens-numbers-ints-002.txt',)" time="0.000"></testcase><testcase classname="test_driver" name="test_tokens('test-tokens-numbers-ints-003.txt',)" time="0.000"></testcase><testcase classname="test_driver" name="test_tokens('test-tokens-numbers-ints-004.txt',)" time="0.000"></testcase><testcase classname="test_driver" name="test_tokens('test-tokens-numbers-ints-005.txt',)" time="0.000"></testcase><testcase classname="test_driver" name="test_tokens('test-tokens-numbers-money-001.txt',)" time="0.000"></testcase><testcase classname="test_driver" name="test_tokens('test-tokens-numbers-money-002.txt',)" time="0.000"></testcase><testcase classname="test_driver" name="test_tokens('test-tokens-numbers-money-003.txt',)" time="0.000"></testcase><testcase classname="test_driver" name="test_tokens('test-tokens-numbers-money-004.txt',)" time="0.000"></testcase><testcase classname="test_driver" name="test_tokens('test-tokens-numbers-money-005.txt',)" time="0.000"></testcase><testcase classname="test_driver" name="test_tokens('test-tokens-numbers-money-006.txt',)" time="0.000"></testcase><testcase classname="test_driver" name="test_tokens('test-tokens-numbers-money-007.txt',)" time="0.000"></testcase><testcase classname="test_driver" name="test_tokens('test-tokens-numbers-money-008.txt',)" time="0.000"></testcase><testcase classname="test_driver" name="test_tokens('test-tokens-numbers-money-009.txt',)" time="0.000"></testcase><testcase classname="test_driver" name="test_tokens('test-tokens-numbers-nan-001.txt',)" time="0.000"></testcase><testcase classname="test_driver" name="test_tokens('test-tokens-numbers-nan-002.txt',)" time="0.000"></testcase><testcase classname="test_driver" name="test_tokens('test-tokens-numbers-nan-003.txt',)" time="0.000"></testcase><testcase classname="test_driver" name="test_tokens('test-tokens-numbers-nan-004.txt',)" time="0.000"></testcase><testcase classname="test_driver" name="test_tokens('test-tokens-numbers-null-001.txt',)" time="0.000"></testcase><testcase classname="test_driver" name="test_tokens('test-tokens-numbers-null-002.txt',)" time="0.000"></testcase><testcase classname="test_driver" name="test_tokens('test-tokens-numbers-parser-001.txt',)" time="0.000"></testcase><testcase classname="test_driver" name="test_tokens('test-tokens-numbers-parser-002.txt',)" time="0.000"></testcase><testcase classname="test_driver" name="test_tokens('test-tokens-operators-001.txt',)" time="0.000"></testcase><testcase classname="test_driver" name="test_tokens('test-tokens-operators-002.txt',)" time="0.000"></testcase><testcase classname="test_driver" name="test_tokens('test-tokens-operators-003.txt',)" time="0.000"></testcase><testcase classname="test_driver" name="test_tokens('test-tokens-operators-004.txt',)" time="0.000"></testcase><testcase classname="test_driver" name="test_tokens('test-tokens-operators-005.txt',)" time="0.000"></testcase><testcase classname="test_driver" name="test_tokens('test-tokens-operators-006.txt',)" time="0.000"></testcase><testcase classname="test_driver" name="test_tokens('test-tokens-operators-007.txt',)" time="0.000"></testcase><testcase classname="test_driver" name="test_tokens('test-tokens-operators-008.txt',)" time="0.000"></testcase><testcase classname="test_driver" name="test_tokens('test-tokens-operators-009.txt',)" time="0.000"></testcase><testcase classname="test_driver" name="test_tokens('test-tokens-operators-010.txt',)" time="0.000"></testcase><testcase classname="test_driver" name="test_tokens('test-tokens-operators-011.txt',)" time="0.000"></testcase><testcase classname="test_driver" name="test_tokens('test-tokens-operators-012.txt',)" time="0.000"></testcase><testcase classname="test_driver" name="test_tokens('test-tokens-operators-013.txt',)" time="0.000"></testcase><testcase classname="test_driver" name="test_tokens('test-tokens-operators-014.txt',)" time="0.000"></testcase><testcase classname="test_driver" name="test_tokens('test-tokens-operators-015.txt',)" time="0.000"></testcase><testcase classname="test_driver" name="test_tokens('test-tokens-operators-016.txt',)" time="0.000"></testcase><testcase classname="test_driver" name="test_tokens('test-tokens-operators-017.txt',)" time="0.000"></testcase><testcase classname="test_driver" name="test_tokens('test-tokens-operators-018.txt',)" time="0.000"></testcase><testcase classname="test_driver" name="test_tokens('test-tokens-string-001.txt',)" time="0.000"></testcase><testcase classname="test_driver" name="test_tokens('test-tokens-string-002.txt',)" time="0.000"></testcase><testcase classname="test_driver" name="test_tokens('test-tokens-string-003.txt',)" time="0.000"></testcase><testcase classname="test_driver" name="test_tokens('test-tokens-string-004.txt',)" time="0.000"></testcase><testcase classname="test_driver" name="test_tokens('test-tokens-string-005.txt',)" time="0.000"></testcase><testcase classname="test_driver" name="test_tokens('test-tokens-string-006.txt',)" time="0.000"></testcase><testcase classname="test_driver" name="test_tokens('test-tokens-string-007.txt',)" time="0.000"></testcase><testcase classname="test_driver" name="test_tokens('test-tokens-string-008.txt',)" time="0.000"></testcase><testcase classname="test_driver" name="test_tokens('test-tokens-string-009.txt',)" time="0.000"></testcase><testcase classname="test_driver" name="test_tokens('test-tokens-string-010.txt',)" time="0.000"></testcase><testcase classname="test_driver" name="test_tokens('test-tokens-string-011.txt',)" time="0.000"></testcase><testcase classname="test_driver" name="test_tokens('test-tokens-string-012.txt',)" time="0.000"></testcase><testcase classname="test_driver" name="test_tokens('test-tokens-string-013.txt',)" time="0.000"></testcase><testcase classname="test_driver" name="test_tokens('test-tokens-string-014.txt',)" time="0.000"></testcase><testcase classname="test_driver" name="test_tokens('test-tokens-string-015.txt',)" time="0.000"></testcase><testcase classname="test_driver" name="test_tokens('test-tokens-string-016.txt',)" time="0.000"></testcase><testcase classname="test_driver" name="test_tokens('test-tokens-string-017.txt',)" time="0.000"></testcase><testcase classname="test_driver" name="test_tokens('test-tokens-string-018.txt',)" time="0.000"></testcase><testcase classname="test_driver" name="test_tokens('test-tokens-string-019.txt',)" time="0.000"></testcase><testcase classname="test_driver" name="test_tokens('test-tokens-string-020.txt',)" time="0.000"></testcase><testcase classname="test_driver" name="test_tokens('test-tokens-string-021.txt',)" time="0.000"></testcase><testcase classname="test_driver" name="test_tokens('test-tokens-string-022.txt',)" time="0.000"></testcase><testcase classname="test_driver" name="test_tokens('test-tokens-string-023.txt',)" time="0.000"></testcase><testcase classname="test_driver" name="test_tokens('test-tokens-string-024.txt',)" time="0.000"></testcase><testcase classname="test_driver" name="test_tokens('test-tokens-string-025.txt',)" time="0.000"></testcase><testcase classname="test_driver" name="test_tokens('test-tokens-string-026.txt',)" time="0.000"></testcase><testcase classname="test_driver" name="test_tokens('test-tokens-string-027.txt',)" time="0.000"></testcase><testcase classname="test_driver" name="test_tokens('test-tokens-string-028.txt',)" time="0.000"></testcase><testcase classname="test_driver" name="test_tokens('test-tokens-string-029.txt',)" time="0.000"></testcase><testcase classname="test_driver" name="test_tokens('test-tokens-string-030.txt',)" time="0.000"></testcase><testcase classname="test_driver" name="test_tokens('test-tokens-string-031.txt',)" time="0.000"></testcase><testcase classname="test_driver" name="test_tokens('test-tokens-string-032.txt',)" time="0.000"></testcase><testcase classname="test_driver" name="test_tokens('test-tokens-string-033.txt',)" time="0.000"></testcase><testcase classname="test_driver" name="test_tokens('test-tokens-string-034.txt',)" time="0.000"></testcase><testcase classname="test_driver" name="test_tokens('test-tokens-string-035.txt',)" time="0.000"></testcase><testcase classname="test_driver" name="test_tokens('test-tokens-string-036.txt',)" time="0.000"></testcase><testcase classname="test_driver" name="test_tokens('test-tokens-string-037.txt',)" time="0.000"></testcase><testcase classname="test_driver" name="test_tokens('test-tokens-string-038.txt',)" time="0.000"></testcase><testcase classname="test_driver" name="test_tokens('test-tokens-string-039.txt',)" time="0.000"></testcase><testcase classname="test_driver" name="test_tokens('test-tokens-string-040.txt',)" time="0.000"></testcase><testcase classname="test_driver" name="test_tokens('test-tokens-string-041.txt',)" time="0.000"></testcase><testcase classname="test_driver" name="test_tokens('test-tokens-string-042.txt',)" time="0.000"></testcase><testcase classname="test_driver" name="test_tokens('test-tokens-string-043.txt',)" time="0.000"></testcase><testcase classname="test_driver" name="test_tokens('test-tokens-string-044.txt',)" time="0.000"></testcase><testcase classname="test_driver" name="test_tokens('test-tokens-string-045.txt',)" time="0.000"></testcase><testcase classname="test_driver" name="test_tokens('test-tokens-string-046.txt',)" time="0.000"></testcase><testcase classname="test_driver" name="test_tokens('test-tokens-string-047.txt',)" time="0.000"></testcase><testcase classname="test_driver" name="test_tokens('test-tokens-string-048.txt',)" time="0.000"></testcase><testcase classname="test_driver" name="test_tokens('test-tokens-string-049.txt',)" time="0.000"></testcase><testcase classname="test_driver" name="test_tokens('test-tokens-string-050.txt',)" time="0.000"></testcase><testcase classname="test_driver" name="test_tokens('test-tokens-string-051.txt',)" time="0.000"></testcase><testcase classname="test_driver" name="test_tokens('test-tokens-string-052.txt',)" time="0.000"></testcase><testcase classname="test_driver" name="test_tokens('test-tokens-string-053.txt',)" time="0.000"></testcase><testcase classname="test_driver" name="test_tokens('test-tokens-string-054.txt',)" time="0.000"></testcase><testcase classname="test_driver" name="test_tokens('test-tokens-string-055.txt',)" time="0.000"></testcase><testcase classname="test_driver" name="test_tokens('test-tokens-string-056.txt',)" time="0.000"></testcase><testcase classname="test_driver" name="test_tokens('test-tokens-string-057.txt',)" time="0.000"></testcase><testcase classname="test_driver" name="test_tokens('test-tokens-string-058.txt',)" time="0.000"></testcase><testcase classname="test_driver" name="test_tokens('test-tokens-string-059.txt',)" time="0.000"></testcase><testcase classname="test_driver" name="test_tokens('test-tokens-string-060.txt',)" time="0.000"></testcase><testcase classname="test_driver" name="test_tokens('test-tokens-variables-001.txt',)" time="0.000"></testcase><testcase classname="test_driver" name="test_tokens('test-tokens-variables-002.txt',)" time="0.000"></testcase><testcase classname="test_driver" name="test_tokens('test-tokens-variables-003.txt',)" time="0.000"></testcase><testcase classname="test_driver" name="test_tokens('test-tokens-variables-004.txt',)" time="0.000"></testcase><testcase classname="test_driver" name="test_tokens('test-tokens-variables-005.txt',)" time="0.000"></testcase><testcase classname="test_driver" name="test_tokens('test-tokens-variables-006.txt',)" time="0.000"></testcase><testcase classname="test_driver" name="test_tokens('test-tokens-variables-007.txt',)" time="0.000"></testcase><testcase classname="test_driver" name="test_tokens('test-tokens-variables-008.txt',)" time="0.000"></testcase><testcase classname="test_driver" name="test_tokens('test-tokens-variables-009.txt',)" time="0.000"></testcase><testcase classname="test_driver" name="test_tokens('test-tokens-variables-010.txt',)" time="0.000"></testcase><testcase classname="test_driver" name="test_tokens('test-tokens-variables-011.txt',)" time="0.000"></testcase><testcase classname="test_driver" name="test_tokens('test-tokens-words-001.txt',)" time="0.000"></testcase><testcase classname="test_driver" name="test_tokens('test-tokens-words-002.txt',)" time="0.000"></testcase><testcase classname="test_driver" name="test_tokens('test-tokens-words-003.txt',)" time="0.000"></testcase><testcase classname="test_driver" name="test_tokens('test-tokens-words-004.txt',)" time="0.000"></testcase><testcase classname="test_driver" name="test_tokens('test-tokens-words-005.txt',)" time="0.000"></testcase><testcase classname="test_driver" name="test_tokens('test-tokens-words-006.txt',)" time="0.000"></testcase><testcase classname="test_driver" name="test_tokens('test-tokens-words-007.txt',)" time="0.000"></testcase><testcase classname="test_driver" name="test_tokens('test-tokens-words-008.txt',)" time="0.000"></testcase><testcase classname="test_driver" name="test_tokens('test-tokens-words-009.txt',)" time="0.000"></testcase><testcase classname="test_driver" name="test_tokens('test-tokens-words-010.txt',)" time="0.000"></testcase><testcase classname="test_driver" name="test_tokens('test-tokens-words-011.txt',)" time="0.000"></testcase><testcase classname="test_driver" name="test_tokens('test-tokens-words-012.txt',)" time="0.000"></testcase><testcase classname="test_driver" name="test_tokens('test-tokens-words-013.txt',)" time="0.000"></testcase><testcase classname="test_driver" name="test_tokens('test-tokens-words-014.txt',)" time="0.000"></testcase><testcase classname="test_driver" name="test_tokens('test-tokens-words-015.txt',)" time="0.000"></testcase><testcase classname="test_driver" name="test_tokens('test-tokens-words-016.txt',)" time="0.000"></testcase><testcase classname="test_driver" name="test_tokens('test-tokens-words-017.txt',)" time="0.000"></testcase><testcase classname="test_driver" name="test_tokens('test-tokens-words-018.txt',)" time="0.000"></testcase><testcase classname="test_driver" name="test_tokens_mysql('test-tokens_mysql-001.txt',)" time="0.000"></testcase><testcase classname="test_driver" name="test_tokens_mysql('test-tokens_mysql-002.txt',)" time="0.000"></testcase><testcase classname="test_driver" name="test_tokens_mysql('test-tokens_mysql-003.txt',)" time="0.000"></testcase><testcase classname="test_driver" name="test_tokens_mysql('test-tokens_mysql-004.txt',)" time="0.000"></testcase><testcase classname="test_driver" name="test_tokens_mysql('test-tokens_mysql-005.txt',)" time="0.000"></testcase><testcase classname="test_driver" name="test_tokens_mysql('test-tokens_mysql-006.txt',)" time="0.000"></testcase><testcase classname="test_driver" name="test_tokens_mysql('test-tokens_mysql-007.txt',)" time="0.000"></testcase><testcase classname="test_driver" name="test_tokens_mysql('test-tokens_mysql-008.txt',)" time="0.000"></testcase><testcase classname="test_driver" name="test_tokens_mysql('test-tokens_mysql-009.txt',)" time="0.000"></testcase><testcase classname="test_driver" name="test_tokens_mysql('test-tokens_mysql-010.txt',)" time="0.000"></testcase><testcase classname="test_driver" name="test_tokens_mysql('test-tokens_mysql-011.txt',)" time="0.000"></testcase><testcase classname="test_driver" name="test_tokens_mysql('test-tokens_mysql-012.txt',)" time="0.000"></testcase><testcase classname="test_driver" name="test_tokens_mysql('test-tokens_mysql-013.txt',)" time="0.000"></testcase><testcase classname="test_driver" name="test_tokens_mysql('test-tokens_mysql-014.txt',)" time="0.000"></testcase><testcase classname="test_driver" name="test_tokens_mysql('test-tokens_mysql-015.txt',)" time="0.000"></testcase><testcase classname="test_driver" name="test_tokens_mysql('test-tokens_mysql-016.txt',)" time="0.000"></testcase><testcase classname="test_driver" name="test_tokens_mysql('test-tokens_mysql-017.txt',)" time="0.000"></testcase><testcase classname="test_driver" name="test_tokens_mysql('test-tokens_mysql-018.txt',)" time="0.000"></testcase><testcase classname="test_driver" name="test_folding('test-folding-001.txt',)" time="0.000"></testcase><testcase classname="test_driver" name="test_folding('test-folding-002.txt',)" time="0.000"></testcase><testcase classname="test_driver" name="test_folding('test-folding-003.txt',)" time="0.000"></testcase><testcase classname="test_driver" name="test_folding('test-folding-004.txt',)" time="0.000"></testcase><testcase classname="test_driver" name="test_folding('test-folding-005.txt',)" time="0.000"></testcase><testcase classname="test_driver" name="test_folding('test-folding-006.txt',)" time="0.000"></testcase><testcase classname="test_driver" name="test_folding('test-folding-007.txt',)" time="0.000"></testcase><testcase classname="test_driver" name="test_folding('test-folding-008.txt',)" time="0.000"></testcase><testcase classname="test_driver" name="test_folding('test-folding-009.txt',)" time="0.000"></testcase><testcase classname="test_driver" name="test_folding('test-folding-010.txt',)" time="0.000"></testcase><testcase classname="test_driver" name="test_folding('test-folding-011.txt',)" time="0.000"></testcase><testcase classname="test_driver" name="test_folding('test-folding-012.txt',)" time="0.000"></testcase><testcase classname="test_driver" name="test_folding('test-folding-013.txt',)" time="0.000"></testcase><testcase classname="test_driver" name="test_folding('test-folding-014.txt',)" time="0.000"></testcase><testcase classname="test_driver" name="test_folding('test-folding-015.txt',)" time="0.000"></testcase><testcase classname="test_driver" name="test_folding('test-folding-016.txt',)" time="0.000"></testcase><testcase classname="test_driver" name="test_folding('test-folding-017.txt',)" time="0.000"></testcase><testcase classname="test_driver" name="test_folding('test-folding-018.txt',)" time="0.000"></testcase><testcase classname="test_driver" name="test_folding('test-folding-019.txt',)" time="0.000"></testcase><testcase classname="test_driver" name="test_folding('test-folding-020.txt',)" time="0.000"></testcase><testcase classname="test_driver" name="test_folding('test-folding-021.txt',)" time="0.000"></testcase><testcase classname="test_driver" name="test_folding('test-folding-022.txt',)" time="0.000"></testcase><testcase classname="test_driver" name="test_folding('test-folding-023.txt',)" time="0.000"></testcase><testcase classname="test_driver" name="test_folding('test-folding-024.txt',)" time="0.000"></testcase><testcase classname="test_driver" name="test_folding('test-folding-025.txt',)" time="0.000"></testcase><testcase classname="test_driver" name="test_folding('test-folding-026.txt',)" time="0.000"></testcase><testcase classname="test_driver" name="test_folding('test-folding-027.txt',)" time="0.000"></testcase><testcase classname="test_driver" name="test_folding('test-folding-028.txt',)" time="0.000"></testcase><testcase classname="test_driver" name="test_folding('test-folding-029.txt',)" time="0.000"></testcase><testcase classname="test_driver" name="test_folding('test-folding-030.txt',)" time="0.000"></testcase><testcase classname="test_driver" name="test_folding('test-folding-031.txt',)" time="0.000"></testcase><testcase classname="test_driver" name="test_folding('test-folding-032.txt',)" time="0.000"></testcase><testcase classname="test_driver" name="test_folding('test-folding-033.txt',)" time="0.000"></testcase><testcase classname="test_driver" name="test_folding('test-folding-034.txt',)" time="0.000"></testcase><testcase classname="test_driver" name="test_folding('test-folding-035.txt',)" time="0.000"></testcase><testcase classname="test_driver" name="test_folding('test-folding-036.txt',)" time="0.000"></testcase><testcase classname="test_driver" name="test_folding('test-folding-037.txt',)" time="0.000"></testcase><testcase classname="test_driver" name="test_folding('test-folding-038.txt',)" time="0.000"></testcase><testcase classname="test_driver" name="test_folding('test-folding-039.txt',)" time="0.000"></testcase><testcase classname="test_driver" name="test_folding('test-folding-040.txt',)" time="0.000"></testcase><testcase classname="test_driver" name="test_folding('test-folding-041.txt',)" time="0.000"></testcase><testcase classname="test_driver" name="test_folding('test-folding-042.txt',)" time="0.000"></testcase><testcase classname="test_driver" name="test_folding('test-folding-043.txt',)" time="0.000"></testcase><testcase classname="test_driver" name="test_folding('test-folding-044.txt',)" time="0.000"></testcase><testcase classname="test_driver" name="test_folding('test-folding-045.txt',)" time="0.000"></testcase><testcase classname="test_driver" name="test_folding('test-folding-046.txt',)" time="0.000"></testcase><testcase classname="test_driver" name="test_folding('test-folding-047.txt',)" time="0.000"></testcase><testcase classname="test_driver" name="test_folding('test-folding-048.txt',)" time="0.000"></testcase><testcase classname="test_driver" name="test_folding('test-folding-049.txt',)" time="0.000"></testcase><testcase classname="test_driver" name="test_folding('test-folding-050.txt',)" time="0.000"></testcase><testcase classname="test_driver" name="test_folding('test-folding-051.txt',)" time="0.000"></testcase><testcase classname="test_driver" name="test_folding('test-folding-052.txt',)" time="0.000"></testcase><testcase classname="test_driver" name="test_folding('test-folding-053.txt',)" time="0.000"></testcase><testcase classname="test_driver" name="test_folding('test-folding-054.txt',)" time="0.000"></testcase><testcase classname="test_driver" name="test_folding('test-folding-055.txt',)" time="0.000"></testcase><testcase classname="test_driver" name="test_folding('test-folding-056.txt',)" time="0.000"></testcase><testcase classname="test_driver" name="test_folding('test-folding-057.txt',)" time="0.000"></testcase><testcase classname="test_driver" name="test_folding('test-folding-058.txt',)" time="0.000"></testcase><testcase classname="test_driver" name="test_fingerprints('test-sqli-001.txt',)" time="0.000"></testcase><testcase classname="test_driver" name="test_fingerprints('test-sqli-002.txt',)" time="0.000"></testcase><testcase classname="test_driver" name="test_fingerprints('test-sqli-003.txt',)" time="0.000"></testcase><testcase classname="test_driver" name="test_fingerprints('test-sqli-004.txt',)" time="0.000"></testcase><testcase classname="test_driver" name="test_fingerprints('test-sqli-005.txt',)" time="0.000"></testcase><testcase classname="test_driver" name="test_fingerprints('test-sqli-006.txt',)" time="0.000"></testcase><testcase classname="test_driver" name="test_fingerprints('test-sqli-007.txt',)" time="0.000"></testcase><testcase classname="test_driver" name="test_fingerprints('test-sqli-008.txt',)" time="0.000"></testcase><testcase classname="test_driver" name="test_fingerprints('test-sqli-009.txt',)" time="0.000"></testcase><testcase classname="test_driver" name="test_fingerprints('test-sqli-010.txt',)" time="0.000"></testcase><testcase classname="test_driver" name="test_fingerprints('test-sqli-011.txt',)" time="0.000"></testcase><testcase classname="test_driver" name="test_fingerprints('test-sqli-012.txt',)" time="0.000"></testcase><testcase classname="test_driver" name="test_fingerprints('test-sqli-013.txt',)" time="0.000"></testcase><testcase classname="test_driver" name="test_fingerprints('test-sqli-014.txt',)" time="0.000"></testcase><testcase classname="test_driver" name="test_fingerprints('test-sqli-015.txt',)" time="0.000"></testcase><testcase classname="test_driver" name="test_fingerprints('test-sqli-016.txt',)" time="0.000"></testcase><testcase classname="test_driver" name="test_fingerprints('test-sqli-017.txt',)" time="0.000"></testcase><testcase classname="test_driver" name="test_fingerprints('test-sqli-018.txt',)" time="0.000"></testcase><testcase classname="test_driver" name="test_fingerprints('test-sqli-019.txt',)" time="0.000"></testcase><testcase classname="test_driver" name="test_fingerprints('test-sqli-020.txt',)" time="0.000"></testcase><testcase classname="test_driver" name="test_fingerprints('test-sqli-021.txt',)" time="0.000"></testcase><testcase classname="test_driver" name="test_fingerprints('test-sqli-022.txt',)" time="0.000"></testcase><testcase classname="test_driver" name="test_fingerprints('test-sqli-023.txt',)" time="0.000"></testcase><testcase classname="test_driver" name="test_fingerprints('test-sqli-024.txt',)" time="0.000"></testcase><testcase classname="test_driver" name="test_fingerprints('test-sqli-025.txt',)" time="0.000"></testcase><testcase classname="test_driver" name="test_fingerprints('test-sqli-026.txt',)" time="0.000"></testcase><testcase classname="test_driver" name="test_fingerprints('test-sqli-027.txt',)" time="0.000"></testcase><testcase classname="test_driver" name="test_fingerprints('test-sqli-028.txt',)" time="0.000"></testcase><testcase classname="test_driver" name="test_fingerprints('test-sqli-029.txt',)" time="0.000"></testcase><testcase classname="test_driver" name="test_fingerprints('test-sqli-030.txt',)" time="0.000"></testcase><testcase classname="test_driver" name="test_fingerprints('test-sqli-031.txt',)" time="0.000"></testcase></testsuite>